<?xml version="1.0" encoding="UTF-8"?>
<testsuite name="com.mondi.machine.MondiApplicationTests" tests="1" skipped="0" failures="0" errors="0" timestamp="2024-04-10T02:30:45" hostname="Ferdinands-MacBook-Pro.local" time="0.315">
  <properties/>
  <testcase name="contextLoads()" classname="com.mondi.machine.MondiApplicationTests" time="0.315"/>
  <system-out><![CDATA[09:30:44.199 [Test worker] INFO org.springframework.test.context.support.AnnotationConfigContextLoaderUtils -- Could not detect default configuration classes for test class [com.mondi.machine.MondiApplicationTests]: MondiApplicationTests does not declare any static, non-private, non-final, nested classes annotated with @Configuration.
09:30:44.242 [Test worker] INFO org.springframework.boot.test.context.SpringBootTestContextBootstrapper -- Found @SpringBootConfiguration com.mondi.machine.MondiApplication for test class com.mondi.machine.MondiApplicationTests

  .   ____          _            __ _ _
 /\\ / ___'_ __ _ _(_)_ __  __ _ \ \ \ \
( ( )\___ | '_ | '_| | '_ \/ _` | \ \ \ \
 \\/  ___)| |_)| | | | | || (_| |  ) ) ) )
  '  |____| .__|_| |_|_| |_\__, | / / / /
 =========|_|==============|___/=/_/_/_/
 :: Spring Boot ::                (v3.2.4)

2024-04-10T09:30:44.357+07:00  INFO 48470 --- [Mondi] [    Test worker] c.mondi.machine.MondiApplicationTests    : Starting MondiApplicationTests using Java 21.0.2 with PID 48470 (started by ferdinand in /Users/ferdinand/Documents/Ferdinand/Mondi)
2024-04-10T09:30:44.358+07:00  INFO 48470 --- [Mondi] [    Test worker] c.mondi.machine.MondiApplicationTests    : No active profile set, falling back to 1 default profile: "default"
2024-04-10T09:30:44.563+07:00  INFO 48470 --- [Mondi] [    Test worker] .s.d.r.c.RepositoryConfigurationDelegate : Bootstrapping Spring Data JPA repositories in DEFAULT mode.
2024-04-10T09:30:44.570+07:00  INFO 48470 --- [Mondi] [    Test worker] .s.d.r.c.RepositoryConfigurationDelegate : Finished Spring Data repository scanning in 4 ms. Found 0 JPA repository interfaces.
2024-04-10T09:30:44.697+07:00  INFO 48470 --- [Mondi] [    Test worker] com.zaxxer.hikari.HikariDataSource       : HikariPool-1 - Starting...
2024-04-10T09:30:44.794+07:00  INFO 48470 --- [Mondi] [    Test worker] com.zaxxer.hikari.pool.HikariPool        : HikariPool-1 - Added connection org.postgresql.jdbc.PgConnection@10980560
2024-04-10T09:30:44.795+07:00  INFO 48470 --- [Mondi] [    Test worker] com.zaxxer.hikari.HikariDataSource       : HikariPool-1 - Start completed.
2024-04-10T09:30:44.822+07:00  INFO 48470 --- [Mondi] [    Test worker] o.f.c.internal.license.VersionPrinter    : Flyway Community Edition 9.22.3 by Redgate
2024-04-10T09:30:44.822+07:00  INFO 48470 --- [Mondi] [    Test worker] o.f.c.internal.license.VersionPrinter    : See release notes here: https://rd.gt/416ObMi
2024-04-10T09:30:44.822+07:00  INFO 48470 --- [Mondi] [    Test worker] o.f.c.internal.license.VersionPrinter    : 
2024-04-10T09:30:44.826+07:00  INFO 48470 --- [Mondi] [    Test worker] org.flywaydb.core.FlywayExecutor         : Database: jdbc:postgresql://localhost:5432/machine (PostgreSQL 14.5)
2024-04-10T09:30:44.851+07:00  INFO 48470 --- [Mondi] [    Test worker] o.f.core.internal.command.DbValidate     : Successfully validated 1 migration (execution time 00:00.012s)
2024-04-10T09:30:44.893+07:00  INFO 48470 --- [Mondi] [    Test worker] o.f.core.internal.command.DbMigrate      : Current version of schema "cfx": null
2024-04-10T09:30:44.894+07:00  INFO 48470 --- [Mondi] [    Test worker] o.f.core.internal.command.DbMigrate      : Schema "cfx" is up to date. No migration necessary.
2024-04-10T09:30:44.925+07:00  INFO 48470 --- [Mondi] [    Test worker] o.hibernate.jpa.internal.util.LogHelper  : HHH000204: Processing PersistenceUnitInfo [name: default]
2024-04-10T09:30:44.949+07:00  INFO 48470 --- [Mondi] [    Test worker] org.hibernate.Version                    : HHH000412: Hibernate ORM core version 6.4.4.Final
2024-04-10T09:30:44.960+07:00  INFO 48470 --- [Mondi] [    Test worker] o.h.c.internal.RegionFactoryInitiator    : HHH000026: Second-level cache disabled
2024-04-10T09:30:45.039+07:00  INFO 48470 --- [Mondi] [    Test worker] o.s.o.j.p.SpringPersistenceUnitInfo      : No LoadTimeWeaver setup: ignoring JPA class transformer
2024-04-10T09:30:45.061+07:00  WARN 48470 --- [Mondi] [    Test worker] org.hibernate.orm.deprecation            : HHH90000025: PostgreSQLDialect does not need to be specified explicitly using 'hibernate.dialect' (remove the property setting and it will be selected by default)
2024-04-10T09:30:45.166+07:00  INFO 48470 --- [Mondi] [    Test worker] o.h.e.t.j.p.i.JtaPlatformInitiator       : HHH000489: No JTA platform available (set 'hibernate.transaction.jta.platform' to enable JTA platform integration)
2024-04-10T09:30:45.168+07:00  INFO 48470 --- [Mondi] [    Test worker] j.LocalContainerEntityManagerFactoryBean : Initialized JPA EntityManagerFactory for persistence unit 'default'
2024-04-10T09:30:45.218+07:00  WARN 48470 --- [Mondi] [    Test worker] JpaBaseConfiguration$JpaWebConfiguration : spring.jpa.open-in-view is enabled by default. Therefore, database queries may be performed during view rendering. Explicitly configure spring.jpa.open-in-view to disable this warning
2024-04-10T09:30:45.370+07:00  INFO 48470 --- [Mondi] [    Test worker] c.mondi.machine.MondiApplicationTests    : Started MondiApplicationTests in 1.084 seconds (process running for 1.504)
]]></system-out>
  <system-err><![CDATA[WARNING: A Java agent has been loaded dynamically (/Users/ferdinand/.gradle/caches/modules-2/files-2.1/net.bytebuddy/byte-buddy-agent/1.14.12/be4984cb6fd1ef1d11f218a648889dfda44b8a15/byte-buddy-agent-1.14.12.jar)
WARNING: If a serviceability tool is in use, please run with -XX:+EnableDynamicAgentLoading to hide this warning
WARNING: If a serviceability tool is not in use, please run with -Djdk.instrument.traceUsage for more information
WARNING: Dynamic loading of agents will be disallowed by default in a future release
]]></system-err>
</testsuite>
